<?xml version="1.0" encoding="UTF-8"?>
<!-- Generated by org.testng.reporters.JUnitXMLReporter -->
<testsuite hostname="Tochie" ignored="0" name="testUserManagement" tests="5" failures="0" timestamp="14 Sep 2019 09:56:18 GMT" time="83.243" errors="0">
  <testcase name="Login" time="24.176" classname="util.TestBase"/>
  <testcase name="navigateToUserAcountCreation" time="34.03" classname="CACTestCases.UserAccountCreation"/>
  <testcase name="searchInvalidEmailEntry" time="2.518" classname="CACTestCases.UserAccountCreation"/>
  <testcase name="searchValidEmailEntry" time="2.61" classname="CACTestCases.UserAccountCreation"/>
  <testcase name="searchStatus" time="7.329" classname="CACTestCases.UserAccountCreation"/>
</testsuite> <!-- testUserManagement -->
