<?xml version="1.0" encoding="UTF-8"?>
<!-- Generated by org.testng.reporters.JUnitXMLReporter -->
<testsuite hostname="Tochie" ignored="1" name="testLogin" tests="3" failures="0" timestamp="14 Sep 2019 09:55:53 GMT" time="57.949" errors="0">
  <testcase name="assertLandingPage" time="1.193" classname="CACTestCases.SignIn"/>
  <testcase name="invalidEmailAndPassword" time="18.307" classname="CACTestCases.SignIn"/>
  <testcase name="validEmailAndPassword" time="25.348" classname="CACTestCases.SignIn"/>
  <testcase name="Login" time="0.0" classname="util.TestBase">
    <ignored/>
  </testcase> <!-- Login -->
</testsuite> <!-- testLogin -->
