<?xml version="1.0" encoding="UTF-8"?>
<testsuite xmlns:xsi="http://www.w3.org/2001/XMLSchema-instance" xsi:noNamespaceSchemaLocation="https://maven.apache.org/surefire/maven-surefire-plugin/xsd/surefire-test-report.xsd" name="TestSuite" time="196.286" tests="5" errors="0" skipped="0" failures="5">
  <properties>
[...]
</properties>
  <testcase name="Login" classname="CACTestCases.VendorAccountCreation" time="0.017">
    <failure message="C:\Users\soli\git\atms\data.conf.json (The system cannot find the file specified)" type="java.io.FileNotFoundException">java.io.FileNotFoundException: C:\Users\soli\git\atms\data.conf.json (The system cannot find the file specified)
</failure>
    <system-err><![CDATA[Jul 19, 2019 4:50:42 PM org.openqa.selenium.remote.DesiredCapabilities chrome
INFO: Using `new ChromeOptions()` is preferred to `DesiredCapabilities.chrome()`
Jul 19, 2019 4:50:42 PM org.openqa.selenium.remote.DesiredCapabilities chrome
INFO: Using `new ChromeOptions()` is preferred to `DesiredCapabilities.chrome()`
Jul 19, 2019 4:50:45 PM org.openqa.selenium.remote.ProtocolHandshake createSession
INFO: Detected dialect: W3C
Jul 19, 2019 4:50:45 PM org.openqa.selenium.remote.ProtocolHandshake createSession
INFO: Detected dialect: W3C
]]></system-err>
  </testcase>
  <testcase name="Login" classname="CACTestCases.UserAccountCreation" time="0">
    <failure message="C:\Users\soli\git\atms\data.conf.json (The system cannot find the file specified)" type="java.io.FileNotFoundException">java.io.FileNotFoundException: C:\Users\soli\git\atms\data.conf.json (The system cannot find the file specified)
</failure>
  </testcase>
  <testcase name="navigateToVendorAccountCreation" classname="CACTestCases.VendorAccountCreation" time="54.163">
    <failure message="no such element: Unable to locate element: {&quot;method&quot;:&quot;css selector&quot;,&quot;selector&quot;:&quot;a[name=&quot;1732139999User Management&quot;] &gt; p&quot;}&#10;  (Session info: chrome=75.0.3770.100)&#10;For documentation on this error, please visit: http://seleniumhq.org/exceptions/no_such_element.html&#10;Build info: version: &apos;3.11.0&apos;, revision: &apos;e59cfb3&apos;, time: &apos;2018-03-11T20:26:55.152Z&apos;&#10;System info: host: &apos;seamfix-soli&apos;, ip: &apos;192.168.86.2&apos;, os.name: &apos;Windows 10&apos;, os.arch: &apos;amd64&apos;, os.version: &apos;10.0&apos;, java.version: &apos;1.8.0_171&apos;&#10;Driver info: org.openqa.selenium.remote.RemoteWebDriver&#10;Capabilities {acceptInsecureCerts: false, browserName: chrome, browserVersion: 75.0.3770.100, chrome: {chromedriverVersion: 75.0.3770.8 (681f24ea911fe7..., userDataDir: /tmp/.com.google.Chrome.SVPsVI}, goog:chromeOptions: {debuggerAddress: localhost:46651}, javascriptEnabled: true, networkConnectionEnabled: false, pageLoadStrategy: normal, platform: LINUX, platformName: LINUX, proxy: Proxy(), setWindowRect: true, strictFileInteractability: false, timeouts: {implicit: 0, pageLoad: 300000, script: 30000}, unhandledPromptBehavior: dismiss and notify, webdriver.remote.sessionid: a06ddbb562455c418bb7184e0cb...}&#10;Session ID: a06ddbb562455c418bb7184e0cb072ea&#10;*** Element info: {Using=css selector, value=a[name=&quot;1732139999User Management&quot;] &gt; p}" type="org.openqa.selenium.NoSuchElementException">org.openqa.selenium.NoSuchElementException: 
no such element: Unable to locate element: {"method":"css selector","selector":"a[name="1732139999User Management"] > p"}
  (Session info: chrome=75.0.3770.100)
For documentation on this error, please visit: http://seleniumhq.org/exceptions/no_such_element.html
Build info: version: '3.11.0', revision: 'e59cfb3', time: '2018-03-11T20:26:55.152Z'
System info: host: 'seamfix-soli', ip: '192.168.86.2', os.name: 'Windows 10', os.arch: 'amd64', os.version: '10.0', java.version: '1.8.0_171'
Driver info: org.openqa.selenium.remote.RemoteWebDriver
Capabilities {acceptInsecureCerts: false, browserName: chrome, browserVersion: 75.0.3770.100, chrome: {chromedriverVersion: 75.0.3770.8 (681f24ea911fe7..., userDataDir: /tmp/.com.google.Chrome.SVPsVI}, goog:chromeOptions: {debuggerAddress: localhost:46651}, javascriptEnabled: true, networkConnectionEnabled: false, pageLoadStrategy: normal, platform: LINUX, platformName: LINUX, proxy: Proxy(), setWindowRect: true, strictFileInteractability: false, timeouts: {implicit: 0, pageLoad: 300000, script: 30000}, unhandledPromptBehavior: dismiss and notify, webdriver.remote.sessionid: a06ddbb562455c418bb7184e0cb...}
Session ID: a06ddbb562455c418bb7184e0cb072ea
*** Element info: {Using=css selector, value=a[name="1732139999User Management"] > p}
	at CACTestCases.VendorAccountCreation.navigateToVendorAccountCreation(VendorAccountCreation.java:50)
</failure>
  </testcase>
  <testcase name="navigateToUserAccountCreationTest" classname="CACTestCases.UserAccountCreation" time="3.655">
    <failure message="no such element: Unable to locate element: {&quot;method&quot;:&quot;css selector&quot;,&quot;selector&quot;:&quot;a[name=&quot;1732139999User Management&quot;] &gt; p&quot;}&#10;  (Session info: chrome=75.0.3770.100)&#10;For documentation on this error, please visit: http://seleniumhq.org/exceptions/no_such_element.html&#10;Build info: version: &apos;3.11.0&apos;, revision: &apos;e59cfb3&apos;, time: &apos;2018-03-11T20:26:55.152Z&apos;&#10;System info: host: &apos;seamfix-soli&apos;, ip: &apos;192.168.86.2&apos;, os.name: &apos;Windows 10&apos;, os.arch: &apos;amd64&apos;, os.version: &apos;10.0&apos;, java.version: &apos;1.8.0_171&apos;&#10;Driver info: org.openqa.selenium.remote.RemoteWebDriver&#10;Capabilities {acceptInsecureCerts: false, browserName: chrome, browserVersion: 75.0.3770.100, chrome: {chromedriverVersion: 75.0.3770.8 (681f24ea911fe7..., userDataDir: /tmp/.com.google.Chrome.gYOrVZ}, goog:chromeOptions: {debuggerAddress: localhost:33371}, javascriptEnabled: true, networkConnectionEnabled: false, pageLoadStrategy: normal, platform: LINUX, platformName: LINUX, proxy: Proxy(), setWindowRect: true, strictFileInteractability: false, timeouts: {implicit: 0, pageLoad: 300000, script: 30000}, unhandledPromptBehavior: dismiss and notify, webdriver.remote.sessionid: bdd78522beb52abcbea689f3426...}&#10;Session ID: bdd78522beb52abcbea689f34267310d&#10;*** Element info: {Using=css selector, value=a[name=&quot;1732139999User Management&quot;] &gt; p}" type="org.openqa.selenium.NoSuchElementException">org.openqa.selenium.NoSuchElementException: 
no such element: Unable to locate element: {"method":"css selector","selector":"a[name="1732139999User Management"] > p"}
  (Session info: chrome=75.0.3770.100)
For documentation on this error, please visit: http://seleniumhq.org/exceptions/no_such_element.html
Build info: version: '3.11.0', revision: 'e59cfb3', time: '2018-03-11T20:26:55.152Z'
System info: host: 'seamfix-soli', ip: '192.168.86.2', os.name: 'Windows 10', os.arch: 'amd64', os.version: '10.0', java.version: '1.8.0_171'
Driver info: org.openqa.selenium.remote.RemoteWebDriver
Capabilities {acceptInsecureCerts: false, browserName: chrome, browserVersion: 75.0.3770.100, chrome: {chromedriverVersion: 75.0.3770.8 (681f24ea911fe7..., userDataDir: /tmp/.com.google.Chrome.gYOrVZ}, goog:chromeOptions: {debuggerAddress: localhost:33371}, javascriptEnabled: true, networkConnectionEnabled: false, pageLoadStrategy: normal, platform: LINUX, platformName: LINUX, proxy: Proxy(), setWindowRect: true, strictFileInteractability: false, timeouts: {implicit: 0, pageLoad: 300000, script: 30000}, unhandledPromptBehavior: dismiss and notify, webdriver.remote.sessionid: bdd78522beb52abcbea689f3426...}
Session ID: bdd78522beb52abcbea689f34267310d
*** Element info: {Using=css selector, value=a[name="1732139999User Management"] > p}
	at CACTestCases.UserAccountCreation.navigateToUserAccountCreationTest(UserAccountCreation.java:50)
</failure>
  </testcase>
  <testcase name="assertVendorAccountCount" classname="CACTestCases.VendorAccountCreation" time="30.091">
    <failure message="Expected condition failed: waiting for visibility of element located by By.id: total_dealers (tried for 30 second(s) with 500 milliseconds interval)" type="org.openqa.selenium.TimeoutException">org.openqa.selenium.TimeoutException: Expected condition failed: waiting for visibility of element located by By.id: total_dealers (tried for 30 second(s) with 500 milliseconds interval)
	at CACTestCases.VendorAccountCreation.assertVendorAccountCount(VendorAccountCreation.java:72)
Caused by: org.openqa.selenium.NoSuchElementException: 
Cannot locate an element using By.id: total_dealers
For documentation on this error, please visit: http://seleniumhq.org/exceptions/no_such_element.html
Build info: version: '3.11.0', revision: 'e59cfb3', time: '2018-03-11T20:26:55.152Z'
System info: host: 'seamfix-soli', ip: '192.168.86.2', os.name: 'Windows 10', os.arch: 'amd64', os.version: '10.0', java.version: '1.8.0_171'
Driver info: driver.version: unknown
	at CACTestCases.VendorAccountCreation.assertVendorAccountCount(VendorAccountCreation.java:72)
</failure>
  </testcase>
</testsuite>